<?xml version="1.0" encoding="UTF-8"?>
<!-- Generated by org.testng.reporters.JUnitXMLReporter -->
<testsuite ignored="0" hostname="DESKTOP-SV17MOP" failures="1" tests="1" name="LA_chrome" time="41.417" errors="0" timestamp="2023-11-15T11:28:25 IST">
  <testcase classname="com.leadAngel.testCases.TC_CrudOperation_InActiveOwnertoSalesRepMapping" name="LeadManagementTest" time="31.79">
    <failure type="java.lang.AssertionError" message="The following asserts failed:
	expected [true] but found [false]">
      <![CDATA[java.lang.AssertionError: The following asserts failed:
expected [true] but found [false]
at com.leadAngel.testCases.TC_CrudOperation_InActiveOwnertoSalesRepMapping.LeadManagementTest(TC_CrudOperation_InActiveOwnertoSalesRepMapping.java:83)
at java.base/java.util.ArrayList.forEach(ArrayList.java:1511)
... Removed 32 stack frames]]>
    </failure>
  </testcase> <!-- LeadManagementTest -->
</testsuite> <!-- LA_chrome -->
