<?xml version="1.0" encoding="UTF-8"?>
<!-- Generated by org.testng.reporters.JUnitXMLReporter -->
<testsuite ignored="0" hostname="DESKTOP-SV17MOP" failures="2" tests="3" name="LA_chrome" time="514.084" errors="0" timestamp="2023-11-22T19:04:39 IST">
  <testcase classname="com.leadAngel.testCases.TC_CrudOperation_AEtoSDRMaping_AccountManagement" name="crud_AE_to_SDR" time="109.146">
    <failure type="java.lang.AssertionError" message="The following asserts failed:
	expected [true] but found [false],
	expected [true] but found [false]">
      <![CDATA[java.lang.AssertionError: The following asserts failed:
expected [true] but found [false],
expected [true] but found [false]
at com.leadAngel.testCases.TC_CrudOperation_AEtoSDRMaping_AccountManagement.handleException(TC_CrudOperation_AEtoSDRMaping_AccountManagement.java:24)
at com.leadAngel.testCases.TC_CrudOperation_AEtoSDRMaping_AccountManagement.crud_AE_to_SDR(TC_CrudOperation_AEtoSDRMaping_AccountManagement.java:514)
at java.base/java.util.ArrayList.forEach(ArrayList.java:1511)
... Removed 29 stack frames]]>
    </failure>
  </testcase> <!-- crud_AE_to_SDR -->
  <testcase classname="com.leadAngel.testCases.TC_CrudOperation_RoundRobinTeam_AccountManagement" name="LeadManagementTest" time="220.186"/>
  <testcase classname="com.leadAngel.testCases.TC_CrudOperation_WST_AccountManagement" name="LeadManagementTest" time="163.833">
    <failure type="java.lang.AssertionError" message="The following asserts failed:
	expected [true] but found [false]">
      <![CDATA[java.lang.AssertionError: The following asserts failed:
expected [true] but found [false]
at com.leadAngel.testCases.TC_CrudOperation_WST_AccountManagement.LeadManagementTest(TC_CrudOperation_WST_AccountManagement.java:533)
at java.base/java.util.ArrayList.forEach(ArrayList.java:1511)
... Removed 29 stack frames]]>
    </failure>
  </testcase> <!-- LeadManagementTest -->
</testsuite> <!-- LA_chrome -->
