<?xml version="1.0" encoding="UTF-8"?>
<!-- Generated by org.testng.reporters.JUnitXMLReporter -->
<testsuite ignored="0" hostname="DESKTOP-BJPIIEA" failures="1" tests="1" name="LA_chrome" time="18.695" errors="0" timestamp="2024-09-17T18:08:15 IST">
  <testcase classname="com.leadAngel.testCases.TC_Sanity_SRandGroupMapping_LeadManagement" name="LeadManagement" time="10.424">
    <failure type="java.lang.AssertionError" message="The following asserts failed:
	expected [true] but found [false]">
      <![CDATA[java.lang.AssertionError: The following asserts failed:
expected [true] but found [false]
at com.leadAngel.testCases.TC_Sanity_SRandGroupMapping_LeadManagement.LeadManagement(TC_Sanity_SRandGroupMapping_LeadManagement.java:54)
at java.base/java.util.ArrayList.forEach(ArrayList.java:1597)
... Removed 30 stack frames]]>
    </failure>
  </testcase> <!-- LeadManagement -->
</testsuite> <!-- LA_chrome -->
