<?xml version="1.0" encoding="UTF-8"?>
<!-- Generated by org.testng.reporters.JUnitXMLReporter -->
<testsuite ignored="0" hostname="DESKTOP-SV17MOP" failures="1" tests="1" name="LA_chrome" time="240.844" errors="0" timestamp="2024-09-09T18:51:30 IST">
  <testcase classname="com.leadAngel.testCases.TC_CrudOperation_EventTemplate" name="crud_AccountList" time="231.371">
    <failure type="java.lang.AssertionError" message="The following asserts failed:
	expected [true] but found [false]">
      <![CDATA[java.lang.AssertionError: The following asserts failed:
expected [true] but found [false]
at com.leadAngel.testCases.TC_CrudOperation_EventTemplate.crud_AccountList(TC_CrudOperation_EventTemplate.java:588)
at java.base/java.util.ArrayList.forEach(ArrayList.java:1511)
... Removed 29 stack frames]]>
    </failure>
  </testcase> <!-- crud_AccountList -->
</testsuite> <!-- LA_chrome -->
