<?xml version="1.0" encoding="UTF-8"?>
<!-- Generated by org.testng.reporters.JUnitXMLReporter -->
<testsuite ignored="0" hostname="DESKTOP-SV17MOP" failures="1" tests="1" name="LA_firefox" time="182.937" errors="0" timestamp="2023-11-09T11:01:52 IST">
  <testcase classname="com.leadAngel.testCases.TC_CrudOperation_WaitCondition_AccountManagement" name="LeadManagementTest" time="171.617">
    <failure type="java.lang.AssertionError" message="The following asserts failed:
	expected [true] but found [false]">
      <![CDATA[java.lang.AssertionError: The following asserts failed:
expected [true] but found [false]
at com.leadAngel.testCases.TC_CrudOperation_WaitCondition_AccountManagement.LeadManagementTest(TC_CrudOperation_WaitCondition_AccountManagement.java:427)
at java.base/java.util.ArrayList.forEach(ArrayList.java:1511)
... Removed 29 stack frames]]>
    </failure>
  </testcase> <!-- LeadManagementTest -->
</testsuite> <!-- LA_firefox -->
