<?xml version="1.0" encoding="UTF-8"?>
<!-- Generated by org.testng.reporters.JUnitXMLReporter -->
<testsuite ignored="0" hostname="DESKTOP-SV17MOP" failures="1" tests="1" name="LA_chrome" time="65.048" errors="0" timestamp="2024-09-17T10:30:28 IST">
  <testcase classname="com.leadAngel.testCases.TC_Sanity_ObjectExplorer_Administration" name="AdministrationTest" time="56.597">
    <failure type="java.lang.AssertionError" message="The following asserts failed:
	expected [true] but found [false]">
      <![CDATA[java.lang.AssertionError: The following asserts failed:
expected [true] but found [false]
at com.leadAngel.testCases.TC_Sanity_ObjectExplorer_Administration.AdministrationTest(TC_Sanity_ObjectExplorer_Administration.java:205)
at java.base/java.util.ArrayList.forEach(ArrayList.java:1511)
... Removed 29 stack frames]]>
    </failure>
  </testcase> <!-- AdministrationTest -->
</testsuite> <!-- LA_chrome -->
